<?xml version="1.0" encoding="UTF-8"?>
<testng-results ignored="0" total="2" passed="2" failed="0" skipped="0">
  <reporter-output>
  </reporter-output>
  <suite started-at="2020-09-27T12:48:11 IST" name="Default suite" finished-at="2020-09-27T12:49:19 IST" duration-ms="68346">
    <groups>
    </groups>
    <test started-at="2020-09-27T12:48:11 IST" name="Default test" finished-at="2020-09-27T12:49:19 IST" duration-ms="68346">
      <class name="demo.FirstTest">
        <test-method is-config="true" signature="beforeTest()[pri:0, instance:demo.FirstTest@29647f75]" started-at="2020-09-27T12:48:11 IST" name="beforeTest" finished-at="2020-09-27T12:48:38 IST" duration-ms="27070" status="PASS">
          <reporter-output>
          </reporter-output>
        </test-method> <!-- beforeTest -->
        <test-method signature="f(java.lang.String, java.lang.String)[pri:0, instance:demo.FirstTest@29647f75]" started-at="2020-09-27T12:48:38 IST" name="f" data-provider="dp" finished-at="2020-09-27T12:49:07 IST" duration-ms="29264" status="PASS">
          <params>
            <param index="0">
              <value>
                <![CDATA[Admin]]>
              </value>
            </param>
            <param index="1">
              <value>
                <![CDATA[admin123]]>
              </value>
            </param>
          </params>
          <reporter-output>
          </reporter-output>
        </test-method> <!-- f -->
        <test-method signature="f(java.lang.String, java.lang.String)[pri:0, instance:demo.FirstTest@29647f75]" started-at="2020-09-27T12:49:07 IST" name="f" data-provider="dp" finished-at="2020-09-27T12:49:19 IST" duration-ms="11865" status="PASS">
          <params>
            <param index="0">
              <value>
                <![CDATA[linda.anderson]]>
              </value>
            </param>
            <param index="1">
              <value>
                <![CDATA[linda.anderson]]>
              </value>
            </param>
          </params>
          <reporter-output>
          </reporter-output>
        </test-method> <!-- f -->
        <test-method is-config="true" signature="afterTest()[pri:0, instance:demo.FirstTest@29647f75]" started-at="2020-09-27T12:49:19 IST" name="afterTest" finished-at="2020-09-27T12:49:19 IST" duration-ms="94" status="PASS">
          <reporter-output>
          </reporter-output>
        </test-method> <!-- afterTest -->
      </class> <!-- demo.FirstTest -->
    </test> <!-- Default test -->
  </suite> <!-- Default suite -->
</testng-results>
